DATABACKUP_LOGS
Intel
Logon
MSOCache
PerfLogs
Program Files
Program Files (x86)
ProgramData
Temp
Tmp
Windows10Upgrade
Users\$username\Contacts
Users\$username\Dropbox
Users\$username\Favorites
Users\$username\Links
Users\$username\OneDrive
Users\$username\Searches
Users\$username\source
Users\$username\AppData\Local\Comms
Users\$username\AppData\Local\ConnectedDevicesPlatform
Users\$username\AppData\Local\D3DSCache
Users\$username\AppData\Local\Diagnostics
Users\$username\AppData\Local\Dropbox
Users\$username\AppData\Local\ElevatedDiagnostics
Users\$username\AppData\Local\Microsoft
Users\$username\AppData\Local\Microsoft_Corporation
Users\$username\AppData\Local\OneDrive
Users\$username\AppData\Local\Packages
Users\$username\AppData\Local\PeerDistRepub
Users\$username\AppData\Local\PlaceholderTileLogoFolder
Users\$username\AppData\Local\Programs
Users\$username\AppData\Local\Publishers
Users\$username\AppData\Local\VirtualStore
Windows
Windows.old
$WINDOWS.~BT